2025-01-13 12:46:33,490 - INFO - Starting Hexapod GUI
2025-01-13 12:46:33,498 - INFO - ZMQ Communication setup complete
2025-01-13 12:46:33,502 - INFO - GUI initialization complete
2025-01-13 12:46:33,502 - INFO - Starting main loop
2025-01-13 12:46:35,350 - DEBUG - Key pressed: w
2025-01-13 12:46:35,350 - INFO - Motion changing from None to forward
2025-01-13 12:46:35,350 - DEBUG - Sending command: forward
2025-01-13 12:47:29,687 - INFO - Starting Hexapod GUI
2025-01-13 12:47:29,697 - INFO - ZMQ Communication setup complete
2025-01-13 12:47:29,701 - INFO - GUI initialization complete
2025-01-13 12:47:29,701 - INFO - Starting main loop
2025-01-13 12:47:36,948 - INFO - Starting Hexapod GUI
2025-01-13 12:47:36,956 - INFO - ZMQ Communication setup complete
2025-01-13 12:47:36,965 - INFO - GUI initialization complete
2025-01-13 12:47:36,965 - INFO - Starting main loop
2025-01-13 12:47:46,825 - DEBUG - Key pressed: w
2025-01-13 12:47:46,825 - INFO - Motion changing from None to forward
2025-01-13 12:47:46,825 - DEBUG - Sending command: forward
2025-01-13 12:47:49,456 - DEBUG - Command forward acknowledged
2025-01-13 12:47:49,487 - DEBUG - Display updated - Motion: forward, E-Stop: False
2025-01-13 12:47:49,493 - DEBUG - Key pressed: w
2025-01-13 12:47:49,495 - DEBUG - Key released: w
2025-01-13 12:47:49,497 - INFO - Stopping motion forward
2025-01-13 12:47:49,497 - DEBUG - Sending command: standby
2025-01-13 12:47:50,526 - DEBUG - Command standby acknowledged
2025-01-13 12:47:50,531 - DEBUG - Display updated - Motion: None, E-Stop: False
2025-01-13 12:47:57,370 - DEBUG - Key pressed: w
2025-01-13 12:47:57,370 - INFO - Motion changing from None to forward
2025-01-13 12:47:57,370 - DEBUG - Sending command: forward
2025-01-13 12:48:01,087 - DEBUG - Command forward acknowledged
2025-01-13 12:48:01,089 - DEBUG - Display updated - Motion: forward, E-Stop: False
2025-01-13 12:48:01,089 - DEBUG - Key pressed: w
2025-01-13 12:48:01,090 - DEBUG - Key released: w
2025-01-13 12:48:01,090 - INFO - Stopping motion forward
2025-01-13 12:48:01,090 - DEBUG - Sending command: standby
2025-01-13 12:48:02,107 - DEBUG - Command standby acknowledged
2025-01-13 12:48:02,110 - DEBUG - Display updated - Motion: None, E-Stop: False
2025-01-13 13:03:11,907 - INFO - Starting Hexapod GUI
2025-01-13 13:03:11,915 - INFO - ZMQ Communication setup complete
2025-01-13 13:03:11,925 - INFO - GUI initialization complete
2025-01-13 13:03:11,925 - INFO - Starting main loop
2025-01-13 13:03:13,340 - DEBUG - Key pressed: w
2025-01-13 13:03:13,340 - INFO - Motion changing to forward
2025-01-13 13:03:13,340 - DEBUG - Sending ZMQ command: forward
2025-01-13 13:03:13,340 - DEBUG - Display updated - Motion: forward, E-Stop: False
2025-01-13 13:03:13,455 - DEBUG - Key released: w
2025-01-13 13:03:13,455 - INFO - Stopping motion
2025-01-13 13:03:13,471 - DEBUG - Sending ZMQ command: standby
2025-01-13 13:03:13,471 - ERROR - ZMQ error: Operation cannot be accomplished in current state
2025-01-13 13:03:13,471 - DEBUG - Display updated - Motion: None, E-Stop: False
2025-01-13 13:03:15,312 - DEBUG - Key pressed: s
2025-01-13 13:03:15,312 - INFO - Motion changing to backward
2025-01-13 13:03:15,312 - DEBUG - Sending ZMQ command: backward
2025-01-13 13:03:15,312 - ERROR - ZMQ error: Operation cannot be accomplished in current state
2025-01-13 13:03:15,312 - DEBUG - Display updated - Motion: backward, E-Stop: False
2025-01-13 13:03:15,576 - DEBUG - Key released: s
2025-01-13 13:03:15,576 - INFO - Stopping motion
2025-01-13 13:03:15,576 - DEBUG - Sending ZMQ command: standby
2025-01-13 13:03:15,579 - ERROR - ZMQ error: Operation cannot be accomplished in current state
2025-01-13 13:03:15,579 - DEBUG - Display updated - Motion: None, E-Stop: False
2025-01-13 13:03:16,508 - DEBUG - Key pressed: w
2025-01-13 13:03:16,508 - INFO - Motion changing to forward
2025-01-13 13:03:16,508 - DEBUG - Sending ZMQ command: forward
2025-01-13 13:03:16,508 - ERROR - ZMQ error: Operation cannot be accomplished in current state
2025-01-13 13:03:16,508 - DEBUG - Display updated - Motion: forward, E-Stop: False
2025-01-13 13:03:16,821 - DEBUG - Key released: w
2025-01-13 13:03:16,821 - INFO - Stopping motion
2025-01-13 13:03:16,821 - DEBUG - Sending ZMQ command: standby
2025-01-13 13:03:16,823 - ERROR - ZMQ error: Operation cannot be accomplished in current state
2025-01-13 13:03:16,824 - DEBUG - Display updated - Motion: None, E-Stop: False
2025-01-13 13:03:17,025 - DEBUG - Key pressed: d
2025-01-13 13:03:17,025 - INFO - Motion changing to turn_right
2025-01-13 13:03:17,025 - DEBUG - Sending ZMQ command: turn_right
2025-01-13 13:03:17,025 - ERROR - ZMQ error: Operation cannot be accomplished in current state
2025-01-13 13:03:17,025 - DEBUG - Display updated - Motion: turn_right, E-Stop: False
2025-01-13 13:03:17,348 - DEBUG - Key released: d
2025-01-13 13:03:17,348 - INFO - Stopping motion
2025-01-13 13:03:17,348 - DEBUG - Sending ZMQ command: standby
2025-01-13 13:03:17,348 - ERROR - ZMQ error: Operation cannot be accomplished in current state
2025-01-13 13:03:17,348 - DEBUG - Display updated - Motion: None, E-Stop: False
2025-01-13 13:03:17,466 - DEBUG - Key pressed: a
2025-01-13 13:03:17,466 - INFO - Motion changing to turn_left
2025-01-13 13:03:17,466 - DEBUG - Sending ZMQ command: turn_left
2025-01-13 13:03:17,466 - ERROR - ZMQ error: Operation cannot be accomplished in current state
2025-01-13 13:03:17,466 - DEBUG - Display updated - Motion: turn_left, E-Stop: False
2025-01-13 13:03:17,741 - DEBUG - Key released: a
2025-01-13 13:03:17,741 - INFO - Stopping motion
2025-01-13 13:03:17,741 - DEBUG - Sending ZMQ command: standby
2025-01-13 13:03:17,741 - ERROR - ZMQ error: Operation cannot be accomplished in current state
2025-01-13 13:03:17,741 - DEBUG - Display updated - Motion: None, E-Stop: False
2025-01-13 13:03:17,946 - DEBUG - Key pressed: w
2025-01-13 13:03:17,946 - INFO - Motion changing to forward
2025-01-13 13:03:17,949 - DEBUG - Sending ZMQ command: forward
2025-01-13 13:03:17,949 - ERROR - ZMQ error: Operation cannot be accomplished in current state
2025-01-13 13:03:17,949 - DEBUG - Display updated - Motion: forward, E-Stop: False
2025-01-13 13:03:18,225 - DEBUG - Key released: w
2025-01-13 13:03:18,225 - INFO - Stopping motion
2025-01-13 13:03:18,226 - DEBUG - Sending ZMQ command: standby
2025-01-13 13:03:18,226 - ERROR - ZMQ error: Operation cannot be accomplished in current state
2025-01-13 13:03:18,226 - DEBUG - Display updated - Motion: None, E-Stop: False
