2025-01-13 13:04:43,359 - DEBUG - Failed to connect to /dev/ttyUSB0
2025-01-13 13:04:43,359 - DEBUG - Failed to connect to /dev/ttyUSB1
2025-01-13 13:04:43,359 - DEBUG - Failed to connect to /dev/ttyUSB2
2025-01-13 13:04:43,359 - DEBUG - Failed to connect to /dev/ttyUSB3
2025-01-13 13:04:43,359 - DEBUG - Failed to connect to /dev/ttyUSB4
2025-01-13 13:04:43,359 - DEBUG - Failed to connect to /dev/ttyUSB5
2025-01-13 13:04:43,359 - DEBUG - Failed to connect to /dev/ttyUSB6
2025-01-13 13:04:43,359 - DEBUG - Failed to connect to /dev/ttyUSB7
2025-01-13 13:04:43,359 - DEBUG - Failed to connect to /dev/ttyUSB8
2025-01-13 13:04:43,359 - DEBUG - Failed to connect to /dev/ttyUSB9
2025-01-13 13:04:43,359 - DEBUG - Failed to connect to /dev/ttyACM0
2025-01-13 13:04:43,370 - DEBUG - Failed to connect to /dev/ttyACM1
2025-01-13 13:04:43,370 - DEBUG - Failed to connect to /dev/ttyACM2
2025-01-13 13:04:43,370 - DEBUG - Failed to connect to /dev/ttyACM3
2025-01-13 13:04:43,370 - DEBUG - Failed to connect to /dev/ttyACM4
2025-01-13 13:04:43,370 - DEBUG - Failed to connect to /dev/ttyACM5
2025-01-13 13:04:43,373 - DEBUG - Failed to connect to /dev/ttyACM6
2025-01-13 13:04:43,373 - DEBUG - Failed to connect to /dev/ttyACM7
2025-01-13 13:04:43,373 - DEBUG - Failed to connect to /dev/ttyACM8
2025-01-13 13:04:43,373 - DEBUG - Failed to connect to /dev/ttyACM9
2025-01-13 13:04:43,375 - DEBUG - Failed to connect to COM1
2025-01-13 13:04:43,375 - DEBUG - Failed to connect to COM2
2025-01-13 13:04:43,375 - DEBUG - Failed to connect to COM3
2025-01-13 13:04:43,375 - DEBUG - Failed to connect to COM6
2025-01-13 13:04:43,375 - DEBUG - Failed to connect to COM7
2025-01-13 13:04:43,375 - DEBUG - Failed to connect to COM8
2025-01-13 13:04:43,375 - DEBUG - Failed to connect to COM9
2025-01-13 13:04:43,375 - DEBUG - Failed to connect to COM10
2025-01-13 13:04:43,375 - DEBUG - Failed to connect to COM11
2025-01-13 13:04:43,375 - DEBUG - Failed to connect to COM12
2025-01-13 13:04:43,375 - DEBUG - Failed to connect to COM13
2025-01-13 13:04:43,375 - DEBUG - Failed to connect to COM14
2025-01-13 13:04:43,381 - DEBUG - Failed to connect to COM15
2025-01-13 13:04:43,381 - DEBUG - Failed to connect to COM16
2025-01-13 13:04:43,381 - DEBUG - Failed to connect to COM17
2025-01-13 13:04:43,381 - DEBUG - Failed to connect to COM18
2025-01-13 13:04:43,381 - DEBUG - Failed to connect to COM19
2025-01-13 13:04:43,396 - INFO - Connected to Arduino on COM20
2025-01-13 13:04:45,400 - INFO - ZMQ server started on port 5555
2025-01-13 13:07:25,227 - DEBUG - Failed to connect to /dev/ttyUSB0
2025-01-13 13:07:25,232 - DEBUG - Failed to connect to /dev/ttyUSB1
2025-01-13 13:07:25,232 - DEBUG - Failed to connect to /dev/ttyUSB2
2025-01-13 13:07:25,233 - DEBUG - Failed to connect to /dev/ttyUSB3
2025-01-13 13:07:25,233 - DEBUG - Failed to connect to /dev/ttyUSB4
2025-01-13 13:07:25,233 - DEBUG - Failed to connect to /dev/ttyUSB5
2025-01-13 13:07:25,233 - DEBUG - Failed to connect to /dev/ttyUSB6
2025-01-13 13:07:25,233 - DEBUG - Failed to connect to /dev/ttyUSB7
2025-01-13 13:07:25,233 - DEBUG - Failed to connect to /dev/ttyUSB8
2025-01-13 13:07:25,233 - DEBUG - Failed to connect to /dev/ttyUSB9
2025-01-13 13:07:25,233 - DEBUG - Failed to connect to /dev/ttyACM0
2025-01-13 13:07:25,235 - DEBUG - Failed to connect to /dev/ttyACM1
2025-01-13 13:07:25,235 - DEBUG - Failed to connect to /dev/ttyACM2
2025-01-13 13:07:25,235 - DEBUG - Failed to connect to /dev/ttyACM3
2025-01-13 13:07:25,235 - DEBUG - Failed to connect to /dev/ttyACM4
2025-01-13 13:07:25,237 - DEBUG - Failed to connect to /dev/ttyACM5
2025-01-13 13:07:25,237 - DEBUG - Failed to connect to /dev/ttyACM6
2025-01-13 13:07:25,237 - DEBUG - Failed to connect to /dev/ttyACM7
2025-01-13 13:07:25,238 - DEBUG - Failed to connect to /dev/ttyACM8
2025-01-13 13:07:25,238 - DEBUG - Failed to connect to /dev/ttyACM9
2025-01-13 13:07:25,238 - DEBUG - Failed to connect to COM1
2025-01-13 13:07:25,238 - DEBUG - Failed to connect to COM2
2025-01-13 13:07:25,238 - DEBUG - Failed to connect to COM3
2025-01-13 13:07:25,238 - DEBUG - Failed to connect to COM6
2025-01-13 13:07:25,241 - DEBUG - Failed to connect to COM7
2025-01-13 13:07:25,241 - DEBUG - Failed to connect to COM8
2025-01-13 13:07:25,242 - DEBUG - Failed to connect to COM9
2025-01-13 13:07:25,242 - DEBUG - Failed to connect to COM10
2025-01-13 13:07:25,242 - DEBUG - Failed to connect to COM11
2025-01-13 13:07:25,242 - DEBUG - Failed to connect to COM12
2025-01-13 13:07:25,243 - DEBUG - Failed to connect to COM13
2025-01-13 13:07:25,243 - DEBUG - Failed to connect to COM14
2025-01-13 13:07:25,243 - DEBUG - Failed to connect to COM15
2025-01-13 13:07:25,243 - DEBUG - Failed to connect to COM16
2025-01-13 13:07:25,245 - DEBUG - Failed to connect to COM17
2025-01-13 13:07:25,245 - DEBUG - Failed to connect to COM18
2025-01-13 13:07:25,245 - DEBUG - Failed to connect to COM19
2025-01-13 13:07:25,298 - DEBUG - Failed to connect to COM20
2025-01-13 13:07:25,299 - DEBUG - Failed to connect to COM21
2025-01-13 13:14:48,861 - DEBUG - Failed to connect to /dev/ttyUSB0
2025-01-13 13:14:48,861 - DEBUG - Failed to connect to /dev/ttyUSB1
2025-01-13 13:14:48,861 - DEBUG - Failed to connect to /dev/ttyUSB2
2025-01-13 13:14:48,861 - DEBUG - Failed to connect to /dev/ttyUSB3
2025-01-13 13:14:48,861 - DEBUG - Failed to connect to /dev/ttyUSB4
2025-01-13 13:14:48,861 - DEBUG - Failed to connect to /dev/ttyUSB5
2025-01-13 13:14:48,861 - DEBUG - Failed to connect to /dev/ttyUSB6
2025-01-13 13:14:48,861 - DEBUG - Failed to connect to /dev/ttyUSB7
2025-01-13 13:14:48,863 - DEBUG - Failed to connect to /dev/ttyUSB8
2025-01-13 13:14:48,863 - DEBUG - Failed to connect to /dev/ttyUSB9
2025-01-13 13:14:48,863 - DEBUG - Failed to connect to /dev/ttyACM0
2025-01-13 13:14:48,863 - DEBUG - Failed to connect to /dev/ttyACM1
2025-01-13 13:14:48,863 - DEBUG - Failed to connect to /dev/ttyACM2
2025-01-13 13:14:48,863 - DEBUG - Failed to connect to /dev/ttyACM3
2025-01-13 13:14:48,863 - DEBUG - Failed to connect to /dev/ttyACM4
2025-01-13 13:14:48,863 - DEBUG - Failed to connect to /dev/ttyACM5
2025-01-13 13:14:48,863 - DEBUG - Failed to connect to /dev/ttyACM6
2025-01-13 13:14:48,863 - DEBUG - Failed to connect to /dev/ttyACM7
2025-01-13 13:14:48,863 - DEBUG - Failed to connect to /dev/ttyACM8
2025-01-13 13:14:48,863 - DEBUG - Failed to connect to /dev/ttyACM9
2025-01-13 13:14:48,863 - DEBUG - Failed to connect to COM1
2025-01-13 13:14:48,863 - DEBUG - Failed to connect to COM2
2025-01-13 13:14:48,863 - DEBUG - Failed to connect to COM3
2025-01-13 13:14:48,863 - DEBUG - Failed to connect to COM6
2025-01-13 13:14:48,863 - DEBUG - Failed to connect to COM7
2025-01-13 13:14:48,863 - DEBUG - Failed to connect to COM8
2025-01-13 13:14:48,863 - DEBUG - Failed to connect to COM9
2025-01-13 13:14:48,863 - DEBUG - Failed to connect to COM10
2025-01-13 13:14:48,863 - DEBUG - Failed to connect to COM11
2025-01-13 13:14:48,866 - DEBUG - Failed to connect to COM12
2025-01-13 13:14:48,866 - DEBUG - Failed to connect to COM13
2025-01-13 13:14:48,866 - DEBUG - Failed to connect to COM14
2025-01-13 13:14:48,866 - DEBUG - Failed to connect to COM15
2025-01-13 13:14:48,866 - DEBUG - Failed to connect to COM16
2025-01-13 13:14:48,867 - DEBUG - Failed to connect to COM17
2025-01-13 13:14:48,867 - DEBUG - Failed to connect to COM18
2025-01-13 13:14:48,867 - DEBUG - Failed to connect to COM19
2025-01-13 13:14:48,883 - INFO - Connected to Arduino on COM20
2025-01-13 13:14:50,887 - INFO - ZMQ server started on port 5555
2025-01-13 13:15:08,274 - INFO - Got ZMQ command: forward
2025-01-13 13:15:08,274 - DEBUG - Sent to Arduino: forward
2025-01-13 13:17:02,822 - DEBUG - Failed to connect to /dev/ttyUSB0
2025-01-13 13:17:02,822 - DEBUG - Failed to connect to /dev/ttyUSB1
2025-01-13 13:17:02,822 - DEBUG - Failed to connect to /dev/ttyUSB2
2025-01-13 13:17:02,822 - DEBUG - Failed to connect to /dev/ttyUSB3
2025-01-13 13:17:02,822 - DEBUG - Failed to connect to /dev/ttyUSB4
2025-01-13 13:17:02,822 - DEBUG - Failed to connect to /dev/ttyUSB5
2025-01-13 13:17:02,822 - DEBUG - Failed to connect to /dev/ttyUSB6
2025-01-13 13:17:02,822 - DEBUG - Failed to connect to /dev/ttyUSB7
2025-01-13 13:17:02,822 - DEBUG - Failed to connect to /dev/ttyUSB8
2025-01-13 13:17:02,822 - DEBUG - Failed to connect to /dev/ttyUSB9
2025-01-13 13:17:02,822 - DEBUG - Failed to connect to /dev/ttyACM0
2025-01-13 13:17:02,822 - DEBUG - Failed to connect to /dev/ttyACM1
2025-01-13 13:17:02,825 - DEBUG - Failed to connect to /dev/ttyACM2
2025-01-13 13:17:02,825 - DEBUG - Failed to connect to /dev/ttyACM3
2025-01-13 13:17:02,825 - DEBUG - Failed to connect to /dev/ttyACM4
2025-01-13 13:17:02,825 - DEBUG - Failed to connect to /dev/ttyACM5
2025-01-13 13:17:02,825 - DEBUG - Failed to connect to /dev/ttyACM6
2025-01-13 13:17:02,825 - DEBUG - Failed to connect to /dev/ttyACM7
2025-01-13 13:17:02,825 - DEBUG - Failed to connect to /dev/ttyACM8
2025-01-13 13:17:02,825 - DEBUG - Failed to connect to /dev/ttyACM9
2025-01-13 13:17:02,825 - DEBUG - Failed to connect to COM1
2025-01-13 13:17:02,825 - DEBUG - Failed to connect to COM2
2025-01-13 13:17:02,827 - DEBUG - Failed to connect to COM3
2025-01-13 13:17:02,827 - DEBUG - Failed to connect to COM6
2025-01-13 13:17:02,827 - DEBUG - Failed to connect to COM7
2025-01-13 13:17:02,827 - DEBUG - Failed to connect to COM8
2025-01-13 13:17:02,827 - DEBUG - Failed to connect to COM9
2025-01-13 13:17:02,827 - DEBUG - Failed to connect to COM10
2025-01-13 13:17:02,827 - DEBUG - Failed to connect to COM11
2025-01-13 13:17:02,827 - DEBUG - Failed to connect to COM12
2025-01-13 13:17:02,828 - DEBUG - Failed to connect to COM13
2025-01-13 13:17:02,828 - DEBUG - Failed to connect to COM14
2025-01-13 13:17:02,828 - DEBUG - Failed to connect to COM15
2025-01-13 13:17:02,828 - DEBUG - Failed to connect to COM16
2025-01-13 13:17:02,828 - DEBUG - Failed to connect to COM17
2025-01-13 13:17:02,828 - DEBUG - Failed to connect to COM18
2025-01-13 13:17:02,828 - DEBUG - Failed to connect to COM19
2025-01-13 13:17:02,840 - INFO - Connected to Arduino on COM20
2025-01-13 13:17:02,846 - INFO - ZMQ server started on port 5555
2025-01-13 13:17:10,829 - INFO - Got ZMQ command: forward
2025-01-13 13:17:10,829 - DEBUG - Sent to Arduino: forward
2025-01-13 13:18:51,048 - INFO - Connected to Arduino
2025-01-13 13:18:51,049 - INFO - ZMQ Subscriber started on port 5556
2025-01-13 13:19:27,882 - DEBUG - Sent to Arduino: forward
2025-01-13 13:19:27,974 - DEBUG - Sent to Arduino: standby
2025-01-13 13:19:28,675 - DEBUG - Sent to Arduino: forward
2025-01-13 13:19:28,850 - DEBUG - Sent to Arduino: standby
2025-01-13 13:19:29,772 - DEBUG - Sent to Arduino: forward
2025-01-13 13:19:30,403 - DEBUG - Sent to Arduino: standby
2025-01-13 13:19:31,122 - DEBUG - Sent to Arduino: forward
2025-01-13 13:19:31,603 - DEBUG - Sent to Arduino: standby
2025-01-13 13:19:35,660 - DEBUG - Sent to Arduino: forward
2025-01-13 13:19:35,948 - DEBUG - Sent to Arduino: standby
2025-01-13 13:19:40,139 - DEBUG - Sent to Arduino: forward
2025-01-13 13:19:40,450 - DEBUG - Sent to Arduino: standby
2025-01-13 13:19:41,655 - DEBUG - Sent to Arduino: turn_left
2025-01-13 13:19:41,888 - DEBUG - Sent to Arduino: standby
2025-01-13 13:19:42,033 - DEBUG - Sent to Arduino: turn_right
2025-01-13 13:19:42,208 - DEBUG - Sent to Arduino: backward
2025-01-13 13:19:42,420 - DEBUG - Sent to Arduino: standby
2025-01-13 13:19:42,505 - DEBUG - Sent to Arduino: forward
2025-01-13 13:19:42,698 - DEBUG - Sent to Arduino: standby
2025-01-13 13:19:42,745 - DEBUG - Sent to Arduino: turn_right
2025-01-13 13:19:42,752 - DEBUG - Sent to Arduino: forward
2025-01-13 13:19:43,005 - DEBUG - Sent to Arduino: standby
2025-01-13 13:19:43,022 - DEBUG - Sent to Arduino: turn_left
2025-01-13 13:19:43,175 - DEBUG - Sent to Arduino: standby
2025-01-13 13:19:43,196 - DEBUG - Sent to Arduino: forward
2025-01-13 13:19:43,273 - DEBUG - Sent to Arduino: turn_right
2025-01-13 13:19:43,415 - DEBUG - Sent to Arduino: standby
2025-01-13 13:19:43,879 - DEBUG - Sent to Arduino: forward
2025-01-13 13:19:44,383 - DEBUG - Sent to Arduino: standby
2025-01-13 13:19:44,533 - DEBUG - Sent to Arduino: forward
2025-01-13 13:19:44,629 - DEBUG - Sent to Arduino: standby
2025-01-13 13:19:44,744 - DEBUG - Sent to Arduino: forward
2025-01-13 13:19:44,808 - DEBUG - Sent to Arduino: standby
2025-01-13 13:19:44,908 - DEBUG - Sent to Arduino: forward
2025-01-13 13:19:44,959 - DEBUG - Sent to Arduino: standby
2025-01-13 13:19:45,069 - DEBUG - Sent to Arduino: forward
2025-01-13 13:19:45,125 - DEBUG - Sent to Arduino: standby
2025-01-13 13:19:45,223 - DEBUG - Sent to Arduino: forward
2025-01-13 13:19:45,294 - DEBUG - Sent to Arduino: standby
2025-01-13 13:53:50,664 - INFO - Connected to Arduino
2025-01-13 13:53:50,665 - INFO - ZMQ Subscriber started on port 5556
2025-01-13 13:54:36,652 - ERROR - Error: name 'ser' is not defined
2025-01-13 13:54:41,213 - ERROR - Error: name 'ser' is not defined
2025-01-13 13:54:41,315 - ERROR - Error: name 'ser' is not defined
2025-01-13 13:54:43,937 - ERROR - Error: name 'ser' is not defined
2025-01-13 13:54:44,038 - ERROR - Error: name 'ser' is not defined
2025-01-13 13:55:55,382 - ERROR - Could not connect to any serial port
2025-01-13 13:56:11,266 - INFO - Connected to Arduino on port COM21
2025-01-13 13:56:11,266 - INFO - ZMQ Subscriber started on port 5556
2025-01-13 13:56:19,453 - DEBUG - Sent to Arduino: test_servos
2025-01-13 13:56:19,555 - DEBUG - Sent to Arduino: LFC:45
